d:\hcmut\hk191\ctdl&dt\btl\assign\code\project1\project1\x64\debug\vc141.pdb
d:\hcmut\hk191\ctdl&dt\btl\assign\code\project1\project1\x64\debug\vc141.idb
d:\hcmut\hk191\ctdl&dt\btl\assign\code\project1\project1\x64\debug\processdata.obj
d:\hcmut\hk191\ctdl&dt\btl\assign\code\project1\project1\x64\debug\main.obj
d:\hcmut\hk191\ctdl&dt\btl\assign\code\project1\project1\x64\debug\dblib.obj
d:\hcmut\hk191\ctdl&dt\btl\assign\code\project1\x64\debug\project1.pdb
d:\hcmut\hk191\ctdl&dt\btl\assign\code\project1\project1\x64\debug\project1.tlog\cl.command.1.tlog
d:\hcmut\hk191\ctdl&dt\btl\assign\code\project1\project1\x64\debug\project1.tlog\cl.read.1.tlog
d:\hcmut\hk191\ctdl&dt\btl\assign\code\project1\project1\x64\debug\project1.tlog\cl.write.1.tlog
d:\hcmut\hk191\ctdl&dt\btl\assign\code\project1\project1\x64\debug\project1.tlog\link-cvtres.read.1.tlog
d:\hcmut\hk191\ctdl&dt\btl\assign\code\project1\project1\x64\debug\project1.tlog\link-cvtres.write.1.tlog
d:\hcmut\hk191\ctdl&dt\btl\assign\code\project1\project1\x64\debug\project1.tlog\link-rc.read.1.tlog
d:\hcmut\hk191\ctdl&dt\btl\assign\code\project1\project1\x64\debug\project1.tlog\link-rc.write.1.tlog
d:\hcmut\hk191\ctdl&dt\btl\assign\code\project1\project1\x64\debug\project1.tlog\link.13208-cvtres.read.1.tlog
d:\hcmut\hk191\ctdl&dt\btl\assign\code\project1\project1\x64\debug\project1.tlog\link.13208-cvtres.write.1.tlog
d:\hcmut\hk191\ctdl&dt\btl\assign\code\project1\project1\x64\debug\project1.tlog\link.13208-rc.read.1.tlog
d:\hcmut\hk191\ctdl&dt\btl\assign\code\project1\project1\x64\debug\project1.tlog\link.13208-rc.write.1.tlog
d:\hcmut\hk191\ctdl&dt\btl\assign\code\project1\project1\x64\debug\project1.tlog\link.13208.read.1.tlog
d:\hcmut\hk191\ctdl&dt\btl\assign\code\project1\project1\x64\debug\project1.tlog\link.13208.write.1.tlog
d:\hcmut\hk191\ctdl&dt\btl\assign\code\project1\project1\x64\debug\project1.tlog\link.command.1.tlog
d:\hcmut\hk191\ctdl&dt\btl\assign\code\project1\project1\x64\debug\project1.tlog\link.read.1.tlog
d:\hcmut\hk191\ctdl&dt\btl\assign\code\project1\project1\x64\debug\project1.tlog\link.write.1.tlog
